# JRE version: Java(TM) SE Runtime Environment (21.0.6+8) (build 21.0.6+8-LTS-188)
# Java VM: Java HotSpot(TM) 64-Bit Server VM (21.0.6+8-LTS-188, mixed mode, sharing, tiered, compressed oops, compressed class ptrs, g1 gc, windows-amd64)
GC Precious Log:
 CardTable entry size: 512
 Card Set container configuration: InlinePtr #cards 5 size 8 Array Of Cards #cards 12 size 40 Howl #buckets 4 coarsen threshold 1843 Howl Bitmap #cards 512 size 80 coarsen threshold 460 Card regions per heap region 1 cards per card region 2048
 CPUs: 4 total, 4 available
 Memory: 3863M
 Large Page Support: Disabled
 NUMA Support: Disabled
 Compressed Oops: Enabled (32-bit)
 Heap Region Size: 1M
 Heap Min Capacity: 8M
 Heap Initial Capacity: 62M
 Heap Max Capacity: 966M
 Pre-touch: Disabled
 Parallel Workers: 4
 Concurrent Workers: 1
 Concurrent Refinement Workers: 4
 Periodic GC: Disabled
Heap:
 garbage-first heap   total 191488K, used 157696K [0x00000000c3a00000, 0x0000000100000000)
  region size 1024K, 19 young (19456K), 5 survivors (5120K)
 Metaspace       used 19398K, committed 19840K, reserved 1114112K
  class space    used 2030K, committed 2176K, reserved 1048576K
GC Heap History (20 events):
Event: 9.894 GC heap before
{Heap before GC invocations=16 (full 0):
 garbage-first heap   total 133120K, used 108544K [0x00000000c3a00000, 0x0000000100000000)
  region size 1024K, 53 young (54272K), 6 survivors (6144K)
 Metaspace       used 15561K, committed 15872K, reserved 1114112K
  class space    used 1651K, committed 1792K, reserved 1048576K
}
Event: 9.907 GC heap after
{Heap after GC invocations=17 (full 0):
 garbage-first heap   total 133120K, used 64809K [0x00000000c3a00000, 0x0000000100000000)
  region size 1024K, 7 young (7168K), 7 survivors (7168K)
 Metaspace       used 15561K, committed 15872K, reserved 1114112K
  class space    used 1651K, committed 1792K, reserved 1048576K
}
Event: 11.393 GC heap before
{Heap before GC invocations=17 (full 0):
 garbage-first heap   total 133120K, used 110889K [0x00000000c3a00000, 0x0000000100000000)
  region size 1024K, 51 young (52224K), 7 survivors (7168K)
 Metaspace       used 18101K, committed 18560K, reserved 1114112K
  class space    used 1905K, committed 2112K, reserved 1048576K
}
Event: 11.403 GC heap after
{Heap after GC invocations=18 (full 0):
 garbage-first heap   total 133120K, used 70339K [0x00000000c3a00000, 0x0000000100000000)
  region size 1024K, 6 young (6144K), 6 survivors (6144K)
 Metaspace       used 18101K, committed 18560K, reserved 1114112K
  class space    used 1905K, committed 2112K, reserved 1048576K
}
Event: 12.127 GC heap before
{Heap before GC invocations=18 (full 0):
 garbage-first heap   total 133120K, used 77507K [0x00000000c3a00000, 0x0000000100000000)
  region size 1024K, 15 young (15360K), 6 survivors (6144K)
 Metaspace       used 18226K, committed 18688K, reserved 1114112K
  class space    used 1909K, committed 2112K, reserved 1048576K
}
Event: 12.131 GC heap after
{Heap after GC invocations=19 (full 0):
 garbage-first heap   total 133120K, used 71874K [0x00000000c3a00000, 0x0000000100000000)
  region size 1024K, 3 young (3072K), 3 survivors (3072K)
 Metaspace       used 18226K, committed 18688K, reserved 1114112K
  class space    used 1909K, committed 2112K, reserved 1048576K
}
Event: 12.549 GC heap before
{Heap before GC invocations=20 (full 0):
 garbage-first heap   total 133120K, used 113858K [0x00000000c3a00000, 0x0000000100000000)
  region size 1024K, 42 young (43008K), 3 survivors (3072K)
 Metaspace       used 18237K, committed 18688K, reserved 1114112K
  class space    used 1909K, committed 2112K, reserved 1048576K
}
Event: 12.561 GC heap after
{Heap after GC invocations=21 (full 0):
 garbage-first heap   total 133120K, used 81920K [0x00000000c3a00000, 0x0000000100000000)
  region size 1024K, 6 young (6144K), 6 survivors (6144K)
 Metaspace       used 18237K, committed 18688K, reserved 1114112K
  class space    used 1909K, committed 2112K, reserved 1048576K
}
Event: 12.846 GC heap before
{Heap before GC invocations=21 (full 0):
 garbage-first heap   total 133120K, used 111616K [0x00000000c3a00000, 0x0000000100000000)
  region size 1024K, 35 young (35840K), 6 survivors (6144K)
 Metaspace       used 18237K, committed 18688K, reserved 1114112K
  class space    used 1909K, committed 2112K, reserved 1048576K
}
Event: 12.864 GC heap after
{Heap after GC invocations=22 (full 0):
 garbage-first heap   total 133120K, used 90624K [0x00000000c3a00000, 0x0000000100000000)
  region size 1024K, 5 young (5120K), 5 survivors (5120K)
 Metaspace       used 18237K, committed 18688K, reserved 1114112K
  class space    used 1909K, committed 2112K, reserved 1048576K
}
Event: 13.115 GC heap before
{Heap before GC invocations=22 (full 0):
 garbage-first heap   total 133120K, used 114176K [0x00000000c3a00000, 0x0000000100000000)
  region size 1024K, 28 young (28672K), 5 survivors (5120K)
 Metaspace       used 18242K, committed 18688K, reserved 1114112K
  class space    used 1909K, committed 2112K, reserved 1048576K
}
Event: 13.126 GC heap after
{Heap after GC invocations=23 (full 0):
 garbage-first heap   total 133120K, used 97280K [0x00000000c3a00000, 0x0000000100000000)
  region size 1024K, 4 young (4096K), 4 survivors (4096K)
 Metaspace       used 18242K, committed 18688K, reserved 1114112K
  class space    used 1909K, committed 2112K, reserved 1048576K
}
Event: 13.396 GC heap before
{Heap before GC invocations=23 (full 0):
 garbage-first heap   total 191488K, used 113664K [0x00000000c3a00000, 0x0000000100000000)
  region size 1024K, 23 young (23552K), 4 survivors (4096K)
 Metaspace       used 18248K, committed 18688K, reserved 1114112K
  class space    used 1909K, committed 2112K, reserved 1048576K
}
Event: 13.406 GC heap after
{Heap after GC invocations=24 (full 0):
 garbage-first heap   total 191488K, used 101114K [0x00000000c3a00000, 0x0000000100000000)
  region size 1024K, 3 young (3072K), 3 survivors (3072K)
 Metaspace       used 18248K, committed 18688K, reserved 1114112K
  class space    used 1909K, committed 2112K, reserved 1048576K
}
Event: 14.828 GC heap before
{Heap before GC invocations=25 (full 0):
 garbage-first heap   total 191488K, used 154362K [0x00000000c3a00000, 0x0000000100000000)
  region size 1024K, 54 young (55296K), 3 survivors (3072K)
 Metaspace       used 18689K, committed 19072K, reserved 1114112K
  class space    used 1953K, committed 2112K, reserved 1048576K
}
Event: 14.843 GC heap after
{Heap after GC invocations=26 (full 0):
 garbage-first heap   total 191488K, used 114343K [0x00000000c3a00000, 0x0000000100000000)
  region size 1024K, 7 young (7168K), 7 survivors (7168K)
 Metaspace       used 18689K, committed 19072K, reserved 1114112K
  class space    used 1953K, committed 2112K, reserved 1048576K
}
Event: 16.023 GC heap before
{Heap before GC invocations=26 (full 0):
 garbage-first heap   total 191488K, used 160423K [0x00000000c3a00000, 0x0000000100000000)
  region size 1024K, 50 young (51200K), 7 survivors (7168K)
 Metaspace       used 18965K, committed 19328K, reserved 1114112K
  class space    used 1974K, committed 2112K, reserved 1048576K
}
Event: 16.043 GC heap after
{Heap after GC invocations=27 (full 0):
 garbage-first heap   total 191488K, used 134144K [0x00000000c3a00000, 0x0000000100000000)
  region size 1024K, 7 young (7168K), 7 survivors (7168K)
 Metaspace       used 18965K, committed 19328K, reserved 1114112K
  class space    used 1974K, committed 2112K, reserved 1048576K
}
Event: 16.252 GC heap before
{Heap before GC invocations=27 (full 0):
 garbage-first heap   total 191488K, used 164864K [0x00000000c3a00000, 0x0000000100000000)
  region size 1024K, 37 young (37888K), 7 survivors (7168K)
 Metaspace       used 18996K, committed 19328K, reserved 1114112K
  class space    used 1974K, committed 2112K, reserved 1048576K
}
Event: 16.265 GC heap after
{Heap after GC invocations=28 (full 0):
 garbage-first heap   total 191488K, used 142336K [0x00000000c3a00000, 0x0000000100000000)
  region size 1024K, 5 young (5120K), 5 survivors (5120K)
 Metaspace       used 18996K, committed 19328K, reserved 1114112K
  class space    used 1974K, committed 2112K, reserved 1048576K
}

