# JRE version: Java(TM) SE Runtime Environment (17.0.3.1+2) (build 17.0.3.1+2-LTS-6)
# Java VM: Java HotSpot(TM) 64-Bit Server VM (17.0.3.1+2-LTS-6, mixed mode, sharing, tiered, compressed oops, compressed class ptrs, g1 gc, windows-amd64)
GC Precious Log:
 CPUs: 4 total, 4 available
 Memory: 3863M
 Large Page Support: Disabled
 NUMA Support: Disabled
 Compressed Oops: Enabled (32-bit)
 Heap Region Size: 1M
 Heap Min Capacity: 8M
 Heap Initial Capacity: 62M
 Heap Max Capacity: 966M
 Pre-touch: Disabled
 Parallel Workers: 4
 Concurrent Workers: 1
 Concurrent Refinement Workers: 4
 Periodic GC: Disabled
Heap:
 garbage-first heap   total 209920K, used 146367K [0x00000000c3a00000, 0x0000000100000000)
  region size 1024K, 38 young (38912K), 2 survivors (2048K)
 Metaspace       used 99814K, committed 100480K, reserved 1138688K
  class space    used 11644K, committed 11968K, reserved 1048576K
GC Heap History (20 events):
Event: 75.133 GC heap before
{Heap before GC invocations=59 (full 0):
 garbage-first heap   total 200704K, used 104460K [0x00000000c3a00000, 0x0000000100000000)
  region size 1024K, 9 young (9216K), 5 survivors (5120K)
 Metaspace       used 77135K, committed 77760K, reserved 1122304K
  class space    used 9018K, committed 9344K, reserved 1048576K
}
Event: 75.160 GC heap after
{Heap after GC invocations=60 (full 0):
 garbage-first heap   total 200704K, used 99368K [0x00000000c3a00000, 0x0000000100000000)
  region size 1024K, 2 young (2048K), 2 survivors (2048K)
 Metaspace       used 77135K, committed 77760K, reserved 1122304K
  class space    used 9018K, committed 9344K, reserved 1048576K
}
Event: 76.984 GC heap before
{Heap before GC invocations=60 (full 0):
 garbage-first heap   total 200704K, used 171048K [0x00000000c3a00000, 0x0000000100000000)
  region size 1024K, 73 young (74752K), 2 survivors (2048K)
 Metaspace       used 79595K, committed 80192K, reserved 1122304K
  class space    used 9289K, committed 9600K, reserved 1048576K
}
Event: 76.987 GC heap after
{Heap after GC invocations=61 (full 0):
 garbage-first heap   total 200704K, used 99654K [0x00000000c3a00000, 0x0000000100000000)
  region size 1024K, 3 young (3072K), 3 survivors (3072K)
 Metaspace       used 79595K, committed 80192K, reserved 1122304K
  class space    used 9289K, committed 9600K, reserved 1048576K
}
Event: 78.012 GC heap before
{Heap before GC invocations=61 (full 0):
 garbage-first heap   total 200704K, used 171334K [0x00000000c3a00000, 0x0000000100000000)
  region size 1024K, 74 young (75776K), 3 survivors (3072K)
 Metaspace       used 82681K, committed 83264K, reserved 1122304K
  class space    used 9684K, committed 9984K, reserved 1048576K
}
Event: 78.019 GC heap after
{Heap after GC invocations=62 (full 0):
 garbage-first heap   total 200704K, used 102181K [0x00000000c3a00000, 0x0000000100000000)
  region size 1024K, 5 young (5120K), 5 survivors (5120K)
 Metaspace       used 82681K, committed 83264K, reserved 1122304K
  class space    used 9684K, committed 9984K, reserved 1048576K
}
Event: 79.607 GC heap before
{Heap before GC invocations=62 (full 0):
 garbage-first heap   total 200704K, used 171813K [0x00000000c3a00000, 0x0000000100000000)
  region size 1024K, 73 young (74752K), 5 survivors (5120K)
 Metaspace       used 87169K, committed 87808K, reserved 1130496K
  class space    used 10308K, committed 10624K, reserved 1048576K
}
Event: 79.611 GC heap after
{Heap after GC invocations=63 (full 0):
 garbage-first heap   total 200704K, used 100650K [0x00000000c3a00000, 0x0000000100000000)
  region size 1024K, 4 young (4096K), 4 survivors (4096K)
 Metaspace       used 87169K, committed 87808K, reserved 1130496K
  class space    used 10308K, committed 10624K, reserved 1048576K
}
Event: 82.868 GC heap before
{Heap before GC invocations=64 (full 0):
 garbage-first heap   total 200704K, used 171306K [0x00000000c3a00000, 0x0000000100000000)
  region size 1024K, 74 young (75776K), 4 survivors (4096K)
 Metaspace       used 90020K, committed 90624K, reserved 1130496K
  class space    used 10713K, committed 11008K, reserved 1048576K
}
Event: 82.892 GC heap after
{Heap after GC invocations=65 (full 0):
 garbage-first heap   total 200704K, used 101955K [0x00000000c3a00000, 0x0000000100000000)
  region size 1024K, 5 young (5120K), 5 survivors (5120K)
 Metaspace       used 90020K, committed 90624K, reserved 1130496K
  class space    used 10713K, committed 11008K, reserved 1048576K
}
Event: 83.021 GC heap before
{Heap before GC invocations=65 (full 0):
 garbage-first heap   total 200704K, used 106051K [0x00000000c3a00000, 0x0000000100000000)
  region size 1024K, 9 young (9216K), 5 survivors (5120K)
 Metaspace       used 90289K, committed 90944K, reserved 1130496K
  class space    used 10740K, committed 11072K, reserved 1048576K
}
Event: 83.194 GC heap after
{Heap after GC invocations=66 (full 0):
 garbage-first heap   total 200704K, used 100767K [0x00000000c3a00000, 0x0000000100000000)
  region size 1024K, 1 young (1024K), 1 survivors (1024K)
 Metaspace       used 90289K, committed 90944K, reserved 1130496K
  class space    used 10740K, committed 11072K, reserved 1048576K
}
Event: 84.689 GC heap before
{Heap before GC invocations=66 (full 0):
 garbage-first heap   total 200704K, used 173471K [0x00000000c3a00000, 0x0000000100000000)
  region size 1024K, 73 young (74752K), 1 survivors (1024K)
 Metaspace       used 94098K, committed 94720K, reserved 1138688K
  class space    used 11159K, committed 11456K, reserved 1048576K
}
Event: 84.696 GC heap after
{Heap after GC invocations=67 (full 0):
 garbage-first heap   total 200704K, used 101504K [0x00000000c3a00000, 0x0000000100000000)
  region size 1024K, 2 young (2048K), 2 survivors (2048K)
 Metaspace       used 94098K, committed 94720K, reserved 1138688K
  class space    used 11159K, committed 11456K, reserved 1048576K
}
Event: 84.938 GC heap before
{Heap before GC invocations=67 (full 0):
 garbage-first heap   total 200704K, used 120960K [0x00000000c3a00000, 0x0000000100000000)
  region size 1024K, 23 young (23552K), 2 survivors (2048K)
 Metaspace       used 94655K, committed 95232K, reserved 1138688K
  class space    used 11229K, committed 11520K, reserved 1048576K
}
Event: 84.944 GC heap after
{Heap after GC invocations=68 (full 0):
 garbage-first heap   total 200704K, used 104729K [0x00000000c3a00000, 0x0000000100000000)
  region size 1024K, 5 young (5120K), 5 survivors (5120K)
 Metaspace       used 94655K, committed 95232K, reserved 1138688K
  class space    used 11229K, committed 11520K, reserved 1048576K
}
Event: 88.577 GC heap before
{Heap before GC invocations=69 (full 0):
 garbage-first heap   total 209920K, used 172313K [0x00000000c3a00000, 0x0000000100000000)
  region size 1024K, 71 young (72704K), 5 survivors (5120K)
 Metaspace       used 97963K, committed 98624K, reserved 1138688K
  class space    used 11514K, committed 11840K, reserved 1048576K
}
Event: 88.600 GC heap after
{Heap after GC invocations=70 (full 0):
 garbage-first heap   total 209920K, used 103436K [0x00000000c3a00000, 0x0000000100000000)
  region size 1024K, 4 young (4096K), 4 survivors (4096K)
 Metaspace       used 97963K, committed 98624K, reserved 1138688K
  class space    used 11514K, committed 11840K, reserved 1048576K
}
Event: 88.831 GC heap before
{Heap before GC invocations=70 (full 0):
 garbage-first heap   total 209920K, used 118796K [0x00000000c3a00000, 0x0000000100000000)
  region size 1024K, 10 young (10240K), 4 survivors (4096K)
 Metaspace       used 98051K, committed 98688K, reserved 1138688K
  class space    used 11520K, committed 11840K, reserved 1048576K
}
Event: 89.070 GC heap after
{Heap after GC invocations=71 (full 0):
 garbage-first heap   total 209920K, used 108479K [0x00000000c3a00000, 0x0000000100000000)
  region size 1024K, 2 young (2048K), 2 survivors (2048K)
 Metaspace       used 98051K, committed 98688K, reserved 1138688K
  class space    used 11520K, committed 11840K, reserved 1048576K
}

