# JRE version: Java(TM) SE Runtime Environment (17.0.3.1+2) (build 17.0.3.1+2-LTS-6)
# Java VM: Java HotSpot(TM) 64-Bit Server VM (17.0.3.1+2-LTS-6, mixed mode, sharing, tiered, compressed oops, compressed class ptrs, g1 gc, windows-amd64)
GC Precious Log:
 CPUs: 4 total, 4 available
 Memory: 3863M
 Large Page Support: Disabled
 NUMA Support: Disabled
 Compressed Oops: Enabled (32-bit)
 Heap Region Size: 1M
 Heap Min Capacity: 8M
 Heap Initial Capacity: 62M
 Heap Max Capacity: 966M
 Pre-touch: Disabled
 Parallel Workers: 4
 Concurrent Workers: 1
 Concurrent Refinement Workers: 4
 Periodic GC: Disabled
Heap:
 garbage-first heap   total 249856K, used 117322K [0x00000000c3a00000, 0x0000000100000000)
  region size 1024K, 6 young (6144K), 6 survivors (6144K)
 Metaspace       used 56613K, committed 57152K, reserved 1105920K
  class space    used 6348K, committed 6592K, reserved 1048576K
GC Heap History (20 events):
Event: 95.775 GC heap after
{Heap after GC invocations=71 (full 0):
 garbage-first heap   total 145408K, used 129321K [0x00000000c3a00000, 0x0000000100000000)
  region size 1024K, 1 young (1024K), 1 survivors (1024K)
 Metaspace       used 55759K, committed 56320K, reserved 1105920K
  class space    used 6191K, committed 6464K, reserved 1048576K
}
Event: 96.013 GC heap before
{Heap before GC invocations=71 (full 0):
 garbage-first heap   total 145408K, used 134441K [0x00000000c3a00000, 0x0000000100000000)
  region size 1024K, 7 young (7168K), 1 survivors (1024K)
 Metaspace       used 55761K, committed 56320K, reserved 1105920K
  class space    used 6191K, committed 6464K, reserved 1048576K
}
Event: 96.031 GC heap after
{Heap after GC invocations=72 (full 0):
 garbage-first heap   total 145408K, used 132381K [0x00000000c3a00000, 0x0000000100000000)
  region size 1024K, 1 young (1024K), 1 survivors (1024K)
 Metaspace       used 55761K, committed 56320K, reserved 1105920K
  class space    used 6191K, committed 6464K, reserved 1048576K
}
Event: 96.361 GC heap before
{Heap before GC invocations=72 (full 0):
 garbage-first heap   total 145408K, used 137501K [0x00000000c3a00000, 0x0000000100000000)
  region size 1024K, 7 young (7168K), 1 survivors (1024K)
 Metaspace       used 55761K, committed 56320K, reserved 1105920K
  class space    used 6191K, committed 6464K, reserved 1048576K
}
Event: 96.368 GC heap after
{Heap after GC invocations=73 (full 0):
 garbage-first heap   total 145408K, used 134510K [0x00000000c3a00000, 0x0000000100000000)
  region size 1024K, 1 young (1024K), 1 survivors (1024K)
 Metaspace       used 55761K, committed 56320K, reserved 1105920K
  class space    used 6191K, committed 6464K, reserved 1048576K
}
Event: 96.556 GC heap before
{Heap before GC invocations=73 (full 0):
 garbage-first heap   total 145408K, used 138606K [0x00000000c3a00000, 0x0000000100000000)
  region size 1024K, 6 young (6144K), 1 survivors (1024K)
 Metaspace       used 55761K, committed 56320K, reserved 1105920K
  class space    used 6191K, committed 6464K, reserved 1048576K
}
Event: 96.566 GC heap after
{Heap after GC invocations=74 (full 0):
 garbage-first heap   total 145408K, used 136110K [0x00000000c3a00000, 0x0000000100000000)
  region size 1024K, 1 young (1024K), 1 survivors (1024K)
 Metaspace       used 55761K, committed 56320K, reserved 1105920K
  class space    used 6191K, committed 6464K, reserved 1048576K
}
Event: 96.682 GC heap before
{Heap before GC invocations=74 (full 0):
 garbage-first heap   total 145408K, used 140206K [0x00000000c3a00000, 0x0000000100000000)
  region size 1024K, 6 young (6144K), 1 survivors (1024K)
 Metaspace       used 55766K, committed 56320K, reserved 1105920K
  class space    used 6191K, committed 6464K, reserved 1048576K
}
Event: 96.690 GC heap after
{Heap after GC invocations=75 (full 0):
 garbage-first heap   total 145408K, used 137522K [0x00000000c3a00000, 0x0000000100000000)
  region size 1024K, 1 young (1024K), 1 survivors (1024K)
 Metaspace       used 55766K, committed 56320K, reserved 1105920K
  class space    used 6191K, committed 6464K, reserved 1048576K
}
Event: 96.765 GC heap before
{Heap before GC invocations=75 (full 0):
 garbage-first heap   total 145408K, used 139570K [0x00000000c3a00000, 0x0000000100000000)
  region size 1024K, 4 young (4096K), 1 survivors (1024K)
 Metaspace       used 55766K, committed 56320K, reserved 1105920K
  class space    used 6191K, committed 6464K, reserved 1048576K
}
Event: 96.780 GC heap after
{Heap after GC invocations=76 (full 0):
 garbage-first heap   total 203776K, used 138334K [0x00000000c3a00000, 0x0000000100000000)
  region size 1024K, 1 young (1024K), 1 survivors (1024K)
 Metaspace       used 55766K, committed 56320K, reserved 1105920K
  class space    used 6191K, committed 6464K, reserved 1048576K
}
Event: 97.004 GC heap before
{Heap before GC invocations=76 (full 0):
 garbage-first heap   total 203776K, used 153694K [0x00000000c3a00000, 0x0000000100000000)
  region size 1024K, 16 young (16384K), 1 survivors (1024K)
 Metaspace       used 55766K, committed 56320K, reserved 1105920K
  class space    used 6191K, committed 6464K, reserved 1048576K
}
Event: 97.020 GC heap after
{Heap after GC invocations=77 (full 0):
 garbage-first heap   total 203776K, used 142307K [0x00000000c3a00000, 0x0000000100000000)
  region size 1024K, 2 young (2048K), 2 survivors (2048K)
 Metaspace       used 55766K, committed 56320K, reserved 1105920K
  class space    used 6191K, committed 6464K, reserved 1048576K
}
Event: 98.463 GC heap before
{Heap before GC invocations=78 (full 0):
 garbage-first heap   total 249856K, used 152547K [0x00000000c3a00000, 0x0000000100000000)
  region size 1024K, 16 young (16384K), 2 survivors (2048K)
 Metaspace       used 54016K, committed 55104K, reserved 1105920K
  class space    used 5984K, committed 6336K, reserved 1048576K
}
Event: 98.489 GC heap after
{Heap after GC invocations=79 (full 0):
 garbage-first heap   total 249856K, used 141745K [0x00000000c3a00000, 0x0000000100000000)
  region size 1024K, 2 young (2048K), 2 survivors (2048K)
 Metaspace       used 54016K, committed 55104K, reserved 1105920K
  class space    used 5984K, committed 6336K, reserved 1048576K
}
Event: 98.624 GC heap before
{Heap before GC invocations=79 (full 0):
 garbage-first heap   total 249856K, used 151985K [0x00000000c3a00000, 0x0000000100000000)
  region size 1024K, 12 young (12288K), 2 survivors (2048K)
 Metaspace       used 54016K, committed 55104K, reserved 1105920K
  class space    used 5984K, committed 6336K, reserved 1048576K
}
Event: 98.654 GC heap after
{Heap after GC invocations=80 (full 0):
 garbage-first heap   total 249856K, used 118932K [0x00000000c3a00000, 0x0000000100000000)
  region size 1024K, 2 young (2048K), 2 survivors (2048K)
 Metaspace       used 54016K, committed 55104K, reserved 1105920K
  class space    used 5984K, committed 6336K, reserved 1048576K
}
Event: 98.715 GC heap before
{Heap before GC invocations=80 (full 0):
 garbage-first heap   total 249856K, used 129172K [0x00000000c3a00000, 0x0000000100000000)
  region size 1024K, 12 young (12288K), 2 survivors (2048K)
 Metaspace       used 54016K, committed 55104K, reserved 1105920K
  class space    used 5984K, committed 6336K, reserved 1048576K
}
Event: 98.772 GC heap after
{Heap after GC invocations=81 (full 0):
 garbage-first heap   total 249856K, used 108519K [0x00000000c3a00000, 0x0000000100000000)
  region size 1024K, 2 young (2048K), 2 survivors (2048K)
 Metaspace       used 54016K, committed 55104K, reserved 1105920K
  class space    used 5984K, committed 6336K, reserved 1048576K
}
Event: 105.266 GC heap before
{Heap before GC invocations=81 (full 0):
 garbage-first heap   total 249856K, used 159719K [0x00000000c3a00000, 0x0000000100000000)
  region size 1024K, 48 young (49152K), 2 survivors (2048K)
 Metaspace       used 56613K, committed 57152K, reserved 1105920K
  class space    used 6348K, committed 6592K, reserved 1048576K
}

