# JRE version: Java(TM) SE Runtime Environment (17.0.3.1+2) (build 17.0.3.1+2-LTS-6)
# Java VM: Java HotSpot(TM) 64-Bit Server VM (17.0.3.1+2-LTS-6, mixed mode, sharing, tiered, compressed oops, compressed class ptrs, g1 gc, windows-amd64)
GC Precious Log:
 CPUs: 4 total, 4 available
 Memory: 3863M
 Large Page Support: Disabled
 NUMA Support: Disabled
 Compressed Oops: Enabled (32-bit)
 Heap Region Size: 1M
 Heap Min Capacity: 8M
 Heap Initial Capacity: 62M
 Heap Max Capacity: 966M
 Pre-touch: Disabled
 Parallel Workers: 4
 Concurrent Workers: 1
 Concurrent Refinement Workers: 4
 Periodic GC: Disabled
Heap:
 garbage-first heap   total 157696K, used 130805K [0x00000000c3a00000, 0x0000000100000000)
  region size 1024K, 6 young (6144K), 2 survivors (2048K)
 Metaspace       used 23330K, committed 23680K, reserved 1073152K
  class space    used 2316K, committed 2496K, reserved 1048576K
GC Heap History (20 events):
Event: 64.220 GC heap before
{Heap before GC invocations=40 (full 0):
 garbage-first heap   total 157696K, used 104923K [0x00000000c3a00000, 0x0000000100000000)
  region size 1024K, 22 young (22528K), 4 survivors (4096K)
 Metaspace       used 21493K, committed 21696K, reserved 1073152K
  class space    used 2156K, committed 2240K, reserved 1048576K
}
Event: 64.244 GC heap after
{Heap after GC invocations=41 (full 0):
 garbage-first heap   total 157696K, used 92489K [0x00000000c3a00000, 0x0000000100000000)
  region size 1024K, 3 young (3072K), 3 survivors (3072K)
 Metaspace       used 21493K, committed 21696K, reserved 1073152K
  class space    used 2156K, committed 2240K, reserved 1048576K
}
Event: 64.312 GC heap before
{Heap before GC invocations=41 (full 0):
 garbage-first heap   total 157696K, used 96585K [0x00000000c3a00000, 0x0000000100000000)
  region size 1024K, 7 young (7168K), 3 survivors (3072K)
 Metaspace       used 21495K, committed 21760K, reserved 1073152K
  class space    used 2156K, committed 2240K, reserved 1048576K
}
Event: 64.330 GC heap after
{Heap after GC invocations=42 (full 0):
 garbage-first heap   total 157696K, used 93184K [0x00000000c3a00000, 0x0000000100000000)
  region size 1024K, 1 young (1024K), 1 survivors (1024K)
 Metaspace       used 21495K, committed 21760K, reserved 1073152K
  class space    used 2156K, committed 2240K, reserved 1048576K
}
Event: 65.127 GC heap before
{Heap before GC invocations=42 (full 0):
 garbage-first heap   total 157696K, used 120832K [0x00000000c3a00000, 0x0000000100000000)
  region size 1024K, 28 young (28672K), 1 survivors (1024K)
 Metaspace       used 21509K, committed 21760K, reserved 1073152K
  class space    used 2156K, committed 2240K, reserved 1048576K
}
Event: 65.142 GC heap after
{Heap after GC invocations=43 (full 0):
 garbage-first heap   total 157696K, used 101019K [0x00000000c3a00000, 0x0000000100000000)
  region size 1024K, 4 young (4096K), 4 survivors (4096K)
 Metaspace       used 21509K, committed 21760K, reserved 1073152K
  class space    used 2156K, committed 2240K, reserved 1048576K
}
Event: 65.572 GC heap before
{Heap before GC invocations=43 (full 0):
 garbage-first heap   total 157696K, used 122523K [0x00000000c3a00000, 0x0000000100000000)
  region size 1024K, 25 young (25600K), 4 survivors (4096K)
 Metaspace       used 21524K, committed 21760K, reserved 1073152K
  class space    used 2156K, committed 2240K, reserved 1048576K
}
Event: 65.590 GC heap after
{Heap after GC invocations=44 (full 0):
 garbage-first heap   total 157696K, used 106951K [0x00000000c3a00000, 0x0000000100000000)
  region size 1024K, 4 young (4096K), 4 survivors (4096K)
 Metaspace       used 21524K, committed 21760K, reserved 1073152K
  class space    used 2156K, committed 2240K, reserved 1048576K
}
Event: 66.037 GC heap before
{Heap before GC invocations=44 (full 0):
 garbage-first heap   total 157696K, used 124359K [0x00000000c3a00000, 0x0000000100000000)
  region size 1024K, 21 young (21504K), 4 survivors (4096K)
 Metaspace       used 21545K, committed 21760K, reserved 1073152K
  class space    used 2156K, committed 2240K, reserved 1048576K
}
Event: 66.045 GC heap after
{Heap after GC invocations=45 (full 0):
 garbage-first heap   total 157696K, used 111877K [0x00000000c3a00000, 0x0000000100000000)
  region size 1024K, 3 young (3072K), 3 survivors (3072K)
 Metaspace       used 21545K, committed 21760K, reserved 1073152K
  class space    used 2156K, committed 2240K, reserved 1048576K
}
Event: 66.284 GC heap before
{Heap before GC invocations=45 (full 0):
 garbage-first heap   total 157696K, used 127237K [0x00000000c3a00000, 0x0000000100000000)
  region size 1024K, 18 young (18432K), 3 survivors (3072K)
 Metaspace       used 21546K, committed 21760K, reserved 1073152K
  class space    used 2156K, committed 2240K, reserved 1048576K
}
Event: 66.288 GC heap after
{Heap after GC invocations=46 (full 0):
 garbage-first heap   total 157696K, used 113664K [0x00000000c3a00000, 0x0000000100000000)
  region size 1024K, 2 young (2048K), 2 survivors (2048K)
 Metaspace       used 21546K, committed 21760K, reserved 1073152K
  class space    used 2156K, committed 2240K, reserved 1048576K
}
Event: 67.168 GC heap before
{Heap before GC invocations=46 (full 0):
 garbage-first heap   total 157696K, used 129024K [0x00000000c3a00000, 0x0000000100000000)
  region size 1024K, 17 young (17408K), 2 survivors (2048K)
 Metaspace       used 21621K, committed 21888K, reserved 1073152K
  class space    used 2163K, committed 2304K, reserved 1048576K
}
Event: 67.171 GC heap after
{Heap after GC invocations=47 (full 0):
 garbage-first heap   total 157696K, used 113771K [0x00000000c3a00000, 0x0000000100000000)
  region size 1024K, 2 young (2048K), 2 survivors (2048K)
 Metaspace       used 21621K, committed 21888K, reserved 1073152K
  class space    used 2163K, committed 2304K, reserved 1048576K
}
Event: 68.092 GC heap before
{Heap before GC invocations=47 (full 0):
 garbage-first heap   total 157696K, used 130155K [0x00000000c3a00000, 0x0000000100000000)
  region size 1024K, 18 young (18432K), 2 survivors (2048K)
 Metaspace       used 22464K, committed 22784K, reserved 1073152K
  class space    used 2253K, committed 2432K, reserved 1048576K
}
Event: 68.096 GC heap after
{Heap after GC invocations=48 (full 0):
 garbage-first heap   total 157696K, used 114028K [0x00000000c3a00000, 0x0000000100000000)
  region size 1024K, 2 young (2048K), 2 survivors (2048K)
 Metaspace       used 22464K, committed 22784K, reserved 1073152K
  class space    used 2253K, committed 2432K, reserved 1048576K
}
Event: 69.505 GC heap before
{Heap before GC invocations=48 (full 0):
 garbage-first heap   total 157696K, used 132460K [0x00000000c3a00000, 0x0000000100000000)
  region size 1024K, 19 young (19456K), 2 survivors (2048K)
 Metaspace       used 23222K, committed 23552K, reserved 1073152K
  class space    used 2309K, committed 2496K, reserved 1048576K
}
Event: 69.511 GC heap after
{Heap after GC invocations=49 (full 0):
 garbage-first heap   total 157696K, used 118893K [0x00000000c3a00000, 0x0000000100000000)
  region size 1024K, 3 young (3072K), 3 survivors (3072K)
 Metaspace       used 23222K, committed 23552K, reserved 1073152K
  class space    used 2309K, committed 2496K, reserved 1048576K
}
Event: 71.317 GC heap before
{Heap before GC invocations=49 (full 0):
 garbage-first heap   total 157696K, used 130157K [0x00000000c3a00000, 0x0000000100000000)
  region size 1024K, 15 young (15360K), 3 survivors (3072K)
 Metaspace       used 23265K, committed 23616K, reserved 1073152K
  class space    used 2309K, committed 2496K, reserved 1048576K
}
Event: 71.336 GC heap after
{Heap after GC invocations=50 (full 0):
 garbage-first heap   total 157696K, used 128757K [0x00000000c3a00000, 0x0000000100000000)
  region size 1024K, 2 young (2048K), 2 survivors (2048K)
 Metaspace       used 23265K, committed 23616K, reserved 1073152K
  class space    used 2309K, committed 2496K, reserved 1048576K
}

