# JRE version: Java(TM) SE Runtime Environment (17.0.3.1+2) (build 17.0.3.1+2-LTS-6)
# Java VM: Java HotSpot(TM) 64-Bit Server VM (17.0.3.1+2-LTS-6, mixed mode, sharing, tiered, compressed oops, compressed class ptrs, g1 gc, windows-amd64)
GC Precious Log:
 CPUs: 4 total, 4 available
 Memory: 3863M
 Large Page Support: Disabled
 NUMA Support: Disabled
 Compressed Oops: Enabled (32-bit)
 Heap Region Size: 1M
 Heap Min Capacity: 8M
 Heap Initial Capacity: 62M
 Heap Max Capacity: 966M
 Pre-touch: Disabled
 Parallel Workers: 4
 Concurrent Workers: 1
 Concurrent Refinement Workers: 4
 Periodic GC: Disabled
Heap:
 garbage-first heap   total 63488K, used 37667K [0x00000000c3a00000, 0x0000000100000000)
  region size 1024K, 3 young (3072K), 2 survivors (2048K)
 Metaspace       used 19524K, committed 19904K, reserved 1073152K
  class space    used 2056K, committed 2176K, reserved 1048576K
GC Heap History (20 events):
Event: 21.437 GC heap before
{Heap before GC invocations=7 (full 0):
 garbage-first heap   total 63488K, used 47814K [0x00000000c3a00000, 0x0000000100000000)
  region size 1024K, 33 young (33792K), 2 survivors (2048K)
 Metaspace       used 12277K, committed 12544K, reserved 1064960K
  class space    used 1366K, committed 1472K, reserved 1048576K
}
Event: 21.444 GC heap after
{Heap after GC invocations=8 (full 0):
 garbage-first heap   total 63488K, used 16245K [0x00000000c3a00000, 0x0000000100000000)
  region size 1024K, 3 young (3072K), 3 survivors (3072K)
 Metaspace       used 12277K, committed 12544K, reserved 1064960K
  class space    used 1366K, committed 1472K, reserved 1048576K
}
Event: 22.352 GC heap before
{Heap before GC invocations=8 (full 0):
 garbage-first heap   total 63488K, used 47989K [0x00000000c3a00000, 0x0000000100000000)
  region size 1024K, 34 young (34816K), 3 survivors (3072K)
 Metaspace       used 14028K, committed 14272K, reserved 1064960K
  class space    used 1557K, committed 1664K, reserved 1048576K
}
Event: 22.359 GC heap after
{Heap after GC invocations=9 (full 0):
 garbage-first heap   total 63488K, used 17468K [0x00000000c3a00000, 0x0000000100000000)
  region size 1024K, 4 young (4096K), 4 survivors (4096K)
 Metaspace       used 14028K, committed 14272K, reserved 1064960K
  class space    used 1557K, committed 1664K, reserved 1048576K
}
Event: 23.058 GC heap before
{Heap before GC invocations=9 (full 0):
 garbage-first heap   total 63488K, used 49212K [0x00000000c3a00000, 0x0000000100000000)
  region size 1024K, 35 young (35840K), 4 survivors (4096K)
 Metaspace       used 15280K, committed 15616K, reserved 1064960K
  class space    used 1697K, committed 1856K, reserved 1048576K
}
Event: 23.065 GC heap after
{Heap after GC invocations=10 (full 0):
 garbage-first heap   total 63488K, used 17529K [0x00000000c3a00000, 0x0000000100000000)
  region size 1024K, 3 young (3072K), 3 survivors (3072K)
 Metaspace       used 15280K, committed 15616K, reserved 1064960K
  class space    used 1697K, committed 1856K, reserved 1048576K
}
Event: 24.012 GC heap before
{Heap before GC invocations=10 (full 0):
 garbage-first heap   total 63488K, used 49273K [0x00000000c3a00000, 0x0000000100000000)
  region size 1024K, 34 young (34816K), 3 survivors (3072K)
 Metaspace       used 16382K, committed 16704K, reserved 1064960K
  class space    used 1831K, committed 1984K, reserved 1048576K
}
Event: 24.018 GC heap after
{Heap after GC invocations=11 (full 0):
 garbage-first heap   total 63488K, used 17915K [0x00000000c3a00000, 0x0000000100000000)
  region size 1024K, 3 young (3072K), 3 survivors (3072K)
 Metaspace       used 16382K, committed 16704K, reserved 1064960K
  class space    used 1831K, committed 1984K, reserved 1048576K
}
Event: 25.380 GC heap before
{Heap before GC invocations=11 (full 0):
 garbage-first heap   total 63488K, used 50683K [0x00000000c3a00000, 0x0000000100000000)
  region size 1024K, 35 young (35840K), 3 survivors (3072K)
 Metaspace       used 17730K, committed 17984K, reserved 1073152K
  class space    used 1976K, committed 2112K, reserved 1048576K
}
Event: 25.389 GC heap after
{Heap after GC invocations=12 (full 0):
 garbage-first heap   total 63488K, used 18800K [0x00000000c3a00000, 0x0000000100000000)
  region size 1024K, 4 young (4096K), 4 survivors (4096K)
 Metaspace       used 17730K, committed 17984K, reserved 1073152K
  class space    used 1976K, committed 2112K, reserved 1048576K
}
Event: 27.543 GC heap before
{Heap before GC invocations=12 (full 0):
 garbage-first heap   total 63488K, used 50544K [0x00000000c3a00000, 0x0000000100000000)
  region size 1024K, 35 young (35840K), 4 survivors (4096K)
 Metaspace       used 18793K, committed 19072K, reserved 1073152K
  class space    used 2055K, committed 2176K, reserved 1048576K
}
Event: 27.561 GC heap after
{Heap after GC invocations=13 (full 0):
 garbage-first heap   total 63488K, used 21711K [0x00000000c3a00000, 0x0000000100000000)
  region size 1024K, 5 young (5120K), 5 survivors (5120K)
 Metaspace       used 18793K, committed 19072K, reserved 1073152K
  class space    used 2055K, committed 2176K, reserved 1048576K
}
Event: 31.425 GC heap before
{Heap before GC invocations=13 (full 0):
 garbage-first heap   total 63488K, used 48335K [0x00000000c3a00000, 0x0000000100000000)
  region size 1024K, 31 young (31744K), 5 survivors (5120K)
 Metaspace       used 19193K, committed 19456K, reserved 1073152K
  class space    used 2064K, committed 2176K, reserved 1048576K
}
Event: 31.451 GC heap after
{Heap after GC invocations=14 (full 0):
 garbage-first heap   total 63488K, used 27069K [0x00000000c3a00000, 0x0000000100000000)
  region size 1024K, 4 young (4096K), 4 survivors (4096K)
 Metaspace       used 19193K, committed 19456K, reserved 1073152K
  class space    used 2064K, committed 2176K, reserved 1048576K
}
Event: 33.675 GC heap before
{Heap before GC invocations=14 (full 0):
 garbage-first heap   total 63488K, used 47549K [0x00000000c3a00000, 0x0000000100000000)
  region size 1024K, 24 young (24576K), 4 survivors (4096K)
 Metaspace       used 19350K, committed 19584K, reserved 1073152K
  class space    used 2064K, committed 2176K, reserved 1048576K
}
Event: 33.688 GC heap after
{Heap after GC invocations=15 (full 0):
 garbage-first heap   total 63488K, used 30181K [0x00000000c3a00000, 0x0000000100000000)
  region size 1024K, 3 young (3072K), 3 survivors (3072K)
 Metaspace       used 19350K, committed 19584K, reserved 1073152K
  class space    used 2064K, committed 2176K, reserved 1048576K
}
Event: 34.771 GC heap before
{Heap before GC invocations=15 (full 0):
 garbage-first heap   total 63488K, used 47589K [0x00000000c3a00000, 0x0000000100000000)
  region size 1024K, 20 young (20480K), 3 survivors (3072K)
 Metaspace       used 19412K, committed 19648K, reserved 1073152K
  class space    used 2065K, committed 2176K, reserved 1048576K
}
Event: 34.787 GC heap after
{Heap after GC invocations=16 (full 0):
 garbage-first heap   total 63488K, used 36048K [0x00000000c3a00000, 0x0000000100000000)
  region size 1024K, 3 young (3072K), 3 survivors (3072K)
 Metaspace       used 19412K, committed 19648K, reserved 1073152K
  class space    used 2065K, committed 2176K, reserved 1048576K
}
Event: 35.434 GC heap before
{Heap before GC invocations=16 (full 0):
 garbage-first heap   total 63488K, used 47312K [0x00000000c3a00000, 0x0000000100000000)
  region size 1024K, 14 young (14336K), 3 survivors (3072K)
 Metaspace       used 19656K, committed 19904K, reserved 1073152K
  class space    used 2067K, committed 2176K, reserved 1048576K
}
Event: 35.443 GC heap after
{Heap after GC invocations=17 (full 0):
 garbage-first heap   total 63488K, used 37667K [0x00000000c3a00000, 0x0000000100000000)
  region size 1024K, 2 young (2048K), 2 survivors (2048K)
 Metaspace       used 19656K, committed 19904K, reserved 1073152K
  class space    used 2067K, committed 2176K, reserved 1048576K
}

