-------------------------------------------------------------------------------
Test set: com.fulfilment.application.monolith.stores.StoreResourceUnitTest
-------------------------------------------------------------------------------
Tests run: 7, Failures: 0, Errors: 1, Skipped: 0, Time elapsed: 2.737 s <<< FAILURE! -- in com.fulfilment.application.monolith.stores.StoreResourceUnitTest
com.fulfilment.application.monolith.stores.StoreResourceUnitTest.create_registersPostCommit_and_afterCommitInvokesLegacy -- Time elapsed: 0.063 s <<< ERROR!
java.lang.NullPointerException: Cannot invoke "io.quarkus.arc.ArcContainer.instance(java.lang.Class, java.lang.annotation.Annotation[])" because "arcContainer" is null
	at io.quarkus.hibernate.orm.panache.common.runtime.AbstractJpaOperations.getSession(AbstractJpaOperations.java:69)
	at io.quarkus.hibernate.orm.panache.common.runtime.AbstractJpaOperations.getSession(AbstractJpaOperations.java:63)
	at io.quarkus.hibernate.orm.panache.common.runtime.AbstractJpaOperations.persist(AbstractJpaOperations.java:99)
	at io.quarkus.hibernate.orm.panache.PanacheEntityBase.persist(PanacheEntityBase.java:65)
	at com.fulfilment.application.monolith.stores.StoreResource.create(StoreResource.java:84)
	at com.fulfilment.application.monolith.stores.StoreResourceUnitTest.create_registersPostCommit_and_afterCommitInvokesLegacy(StoreResourceUnitTest.java:87)
	at java.base/java.lang.reflect.Method.invoke(Method.java:568)
	at java.base/java.util.ArrayList.forEach(ArrayList.java:1511)
	at java.base/java.util.ArrayList.forEach(ArrayList.java:1511)

